SF:C:\projects\escambo-app\src\Escambo.Application\Services\Service.cs
FN:13,System.Collections.Generic.IEnumerable`1<T> Escambo.Application.Service`1::GetAll()
FNDA:0,System.Collections.Generic.IEnumerable`1<T> Escambo.Application.Service`1::GetAll()
DA:14,0
DA:15,0
FN:8,System.Void Escambo.Application.Service`1::.ctor(Escambo.Domain.Interfaces.IRepository`1<T>)
FNDA:1,System.Void Escambo.Application.Service`1::.ctor(Escambo.Domain.Interfaces.IRepository`1<T>)
DA:9,1
DA:10,1
DA:11,1
DA:12,1
LF:6
LH:4
BRF:0
BRH:0
FNF:2
FNH:1
end_of_record
SF:C:\projects\escambo-app\src\Escambo.Application\Services\ItemService.cs
FN:8,System.Void Escambo.Application.Services.ItemService::.ctor(Escambo.Domain.Interfaces.IItemRepository)
FNDA:0,System.Void Escambo.Application.Services.ItemService::.ctor(Escambo.Domain.Interfaces.IItemRepository)
DA:9,0
DA:10,0
DA:12,0
LF:3
LH:0
BRF:0
BRH:0
FNF:1
FNH:0
end_of_record
SF:C:\projects\escambo-app\src\Escambo.Application\Services\UserService.cs
FN:10,Escambo.Domain.Interfaces.IUserRepository Escambo.Application.Services.UserService::get_Repository()
FNDA:3,Escambo.Domain.Interfaces.IUserRepository Escambo.Application.Services.UserService::get_Repository()
DA:11,3
FN:16,System.Collections.Generic.IEnumerable`1<Escambo.Domain.Models.User> Escambo.Application.Services.UserService::FindPeopleWhoNeedMyItems(Escambo.Domain.Models.User)
FNDA:1,System.Collections.Generic.IEnumerable`1<Escambo.Domain.Models.User> Escambo.Application.Services.UserService::FindPeopleWhoNeedMyItems(Escambo.Domain.Models.User)
DA:17,1
DA:18,1
DA:19,1
DA:20,1
DA:21,1
DA:22,1
FN:11,System.Void Escambo.Application.Services.UserService::.ctor(Escambo.Domain.Interfaces.IRepository`1<Escambo.Domain.Models.User>)
FNDA:1,System.Void Escambo.Application.Services.UserService::.ctor(Escambo.Domain.Interfaces.IRepository`1<Escambo.Domain.Models.User>)
DA:12,1
DA:13,1
DA:15,1
LF:10
LH:10
BRF:0
BRH:0
FNF:3
FNH:3
end_of_record
SF:C:\projects\escambo-app\src\Escambo.Domain\Models\Entity.cs
FN:4,System.Int32 Escambo.Domain.Models.Entity::get_Id()
FNDA:0,System.Int32 Escambo.Domain.Models.Entity::get_Id()
DA:5,0
LF:1
LH:0
BRF:0
BRH:0
FNF:1
FNH:0
end_of_record
SF:C:\projects\escambo-app\src\Escambo.Domain\Models\Item.cs
FN:4,System.String Escambo.Domain.Models.Item::get_Name()
FNDA:0,System.String Escambo.Domain.Models.Item::get_Name()
DA:5,0
LF:1
LH:0
BRF:0
BRH:0
FNF:1
FNH:0
end_of_record
SF:C:\projects\escambo-app\src\Escambo.Domain\Models\User.cs
FN:6,System.String Escambo.Domain.Models.User::get_Username()
FNDA:0,System.String Escambo.Domain.Models.User::get_Username()
DA:7,0
FN:7,System.Collections.Generic.ICollection`1<Escambo.Domain.Models.Item> Escambo.Domain.Models.User::get_WantedItems()
FNDA:0,System.Collections.Generic.ICollection`1<Escambo.Domain.Models.Item> Escambo.Domain.Models.User::get_WantedItems()
DA:8,0
FN:8,System.Collections.Generic.ICollection`1<Escambo.Domain.Models.Item> Escambo.Domain.Models.User::get_MyItems()
FNDA:0,System.Collections.Generic.ICollection`1<Escambo.Domain.Models.Item> Escambo.Domain.Models.User::get_MyItems()
DA:9,0
LF:3
LH:0
BRF:0
BRH:0
FNF:3
FNH:0
end_of_record
SF:C:\projects\escambo-app\test\Escambo.Tests\obj\Debug\netcoreapp2.2\Escambo.Tests.Program.cs
FN:3,System.Void AutoGeneratedProgram::Main(System.String[])
FNDA:0,System.Void AutoGeneratedProgram::Main(System.String[])
DA:4,0
LF:1
LH:0
BRF:0
BRH:0
FNF:1
FNH:0
end_of_record
SF:C:\projects\escambo-app\test\Escambo.Tests\UserBaseData.cs
FN:6,System.Collections.Generic.List`1<Escambo.Domain.Models.User> Escambo.Tests.UserBaseData::get_AllUsers()
FNDA:2,System.Collections.Generic.List`1<Escambo.Domain.Models.User> Escambo.Tests.UserBaseData::get_AllUsers()
DA:7,2
DA:8,2
DA:9,2
DA:10,2
DA:11,2
DA:12,2
DA:13,2
DA:14,2
DA:15,2
DA:16,2
DA:17,2
DA:18,2
DA:19,2
DA:20,2
DA:21,2
DA:22,2
DA:23,2
DA:24,2
DA:25,2
DA:26,2
DA:27,2
DA:28,2
DA:29,2
DA:30,2
DA:31,2
DA:32,2
DA:33,2
DA:34,2
DA:35,2
FN:36,System.Collections.Generic.List`1<Escambo.Domain.Models.User> Escambo.Tests.UserBaseData::get_ExpectedShouldFindPeopleWhoNeedsMyItemsTest()
FNDA:1,System.Collections.Generic.List`1<Escambo.Domain.Models.User> Escambo.Tests.UserBaseData::get_ExpectedShouldFindPeopleWhoNeedsMyItemsTest()
DA:37,1
DA:38,1
DA:39,1
DA:40,1
DA:41,1
DA:42,1
DA:43,1
DA:44,1
DA:45,1
DA:46,1
DA:47,1
DA:48,1
DA:49,1
DA:50,1
DA:51,1
DA:52,1
DA:53,1
LF:46
LH:46
BRF:0
BRH:0
FNF:2
FNH:2
end_of_record
SF:C:\projects\escambo-app\test\Escambo.Tests\UserTest.cs
FN:16,System.Void Escambo.Tests.UserTest::ShouldFindPeopleWhoNeedsMyItems()
FNDA:1,System.Void Escambo.Tests.UserTest::ShouldFindPeopleWhoNeedsMyItems()
DA:17,1
DA:18,1
DA:20,1
DA:22,1
DA:24,1
DA:26,6
DA:27,2
DA:28,2
DA:29,2
DA:31,1
BRDA:26,112,1,2
BRDA:26,112,0,1
LF:10
LH:10
BRF:2
BRH:2
FNF:1
FNH:1
end_of_record
SF:C:\projects\escambo-app\test\Escambo.Tests\Repository\UserFakeRepository.cs
FN:10,System.Linq.IQueryable`1<Escambo.Domain.Models.User> Escambo.Tests.Repository.UserFakeRepository::GetAll()
FNDA:1,System.Linq.IQueryable`1<Escambo.Domain.Models.User> Escambo.Tests.Repository.UserFakeRepository::GetAll()
DA:11,1
DA:12,1
DA:13,1
LF:3
LH:3
BRF:0
BRH:0
FNF:1
FNH:1
end_of_record